[2026-03-19 05:36:15 UTC] qrun -batch -access=rw+/. -uvmhome uvm-1.2 '-timescale' '1ns/1ns' -mfcu design.sv testbench.sv '+UVM_VERBOSITY=UVM_LOW' '-voptargs=+acc=npr' '+cover' '+fcover' '-coverage' '-do' 'run.do'  -do  " run -all; exit"  
QuestaSim-64 qrun 2025.2 Utility 2025.05 May 31 2025
Start time: 01:36:15 on Mar 19,2026
qrun -batch -access=rw+/. -uvmhome uvm-1.2 -timescale 1ns/1ns -mfcu design.sv testbench.sv "+UVM_VERBOSITY=UVM_LOW" -voptargs="+acc=npr" "+cover" "+fcover" -coverage -do "run.do" -do " run -all; exit" 
** Note: (qrun-220) 'modelsim.ini' is used as the ini file.
Creating library 'qrun.out/work'.
Mapping library 'mtiUvm' to 'qrun.out/work'.
** Note: (vmap-220) 'modelsim.ini' is used as the ini file.
QuestaSim-64 vlog 2025.2 Compiler 2025.05 May 31 2025
Start time: 01:36:15 on Mar 19,2026
vlog -timescale 1ns/1ns -mfcu -ccflags "-Wno-missing-declarations" -ccflags "-Wno-maybe-uninitialized" -ccflags "-Wno-return-type" -ccflags "-DQUESTA" /usr/share/questa/questasim/verilog_src/uvm-1.2/src/dpi/uvm_dpi.cc /usr/share/questa/questasim/verilog_src/uvm-1.2/src/uvm_pkg.sv /usr/share/questa/questasim/verilog_src/questa_uvm_pkg-1.2/src/questa_uvm_pkg.sv design.sv testbench.sv -work qrun.out/work "+incdir+/usr/share/questa/questasim/verilog_src/uvm-1.2/src" -statslog qrun.out/stats_log -csession=incr 
** Note: (vlog-220) 'modelsim.ini' is used as the ini file.
-- Compiling package uvm_pkg (uvm-1.2 Built-in)
-- Compiling package questa_uvm_pkg
-- Importing package uvm_pkg (uvm-1.2 Built-in)
-- Compiling module axi4_lite_slave
-- Compiling package uvm_pkg_sv_unit
-- Importing package uvm_pkg (uvm-1.2 Built-in)
-- Compiling interface axi_if
-- Compiling module axi_tb_top

Top level modules:
	axi_tb_top
** Note: (vlog-7082) For C/C++ auto compile, choosing compiler /usr/bin/g++ set from the PATH environment variable.
-- Compiling DPI/PLI C++ file /usr/share/questa/questasim/verilog_src/uvm-1.2/src/dpi/uvm_dpi.cc
End time: 01:36:18 on Mar 19,2026, Elapsed time: 0:00:03
Errors: 0, Warnings: 0
QuestaSim-64 vopt 2025.2 Compiler 2025.05 May 31 2025
** Warning: (vopt-10587) Some optimizations are turned off because the +acc switch is in effect. This will cause your simulation to run slowly. Please use -access/-debug to maintain needed visibility. The +acc switch would be deprecated in a future release.
Start time: 01:36:18 on Mar 19,2026
vopt -access=rw+/. -timescale 1ns/1ns -mfcu "+cover" "+acc=npr" -findtoplevels qrun.out/work+2+ -work qrun.out/work -statslog qrun.out/stats_log -csession=incr -o qrun_opt -csessionid=3 
** Note: (vopt-220) 'modelsim.ini' is used as the ini file.

Top level modules:
	axi_tb_top

Analyzing design...
-- Loading module axi_tb_top
-- Loading package questa_uvm_pkg
-- Loading interface axi_if
-- Loading module axi4_lite_slave
** Warning: (vopt-13408) Code coverage will be disabled for some DUs/packages/classes and source files.
Optimizing 7 design-units (inlining 0/3 module instances):
-- Optimizing package uvm_pkg (uvm-1.2 Built-in)(fast)
-- Optimizing package questa_uvm_pkg(fast)
-- Optimizing package uvm_pkg_sv_unit(fast)
-- Optimizing interface axi_if(fast__2)
-- Optimizing module axi4_lite_slave(fast)
-- Optimizing module axi_tb_top(fast)
-- Optimizing interface axi_if(fast)
Optimized design name is qrun_opt
End time: 01:36:23 on Mar 19,2026, Elapsed time: 0:00:05
Errors: 0, Warnings: 2
# ** Note: (vsim-220) 'modelsim.ini' is used as the ini file.
# vsim -batch "+UVM_VERBOSITY=UVM_LOW" "+fcover" -lib qrun.out/work -coverage -do "coverage save -onexit cov_$Sv_Seed.ucdb" -do "run.do" -do " run -all; exit" -statslog qrun.out/stats_log qrun_opt -appendlog -l qrun.log 
# Start time: 01:36:23 on Mar 19,2026
# Loading /tmp/root@07ee77375c51_dpi_35/linux_x86_64_gcc-11/export_tramp.so
# //  Questa Sim-64
# //  Version 2025.2 linux_x86_64 May 31 2025
# //
# // Unpublished work. Copyright 2025 Siemens
# //
# // This material contains trade secrets or otherwise confidential information
# // owned by Siemens Industry Software Inc. or its affiliates (collectively,
# // "SISW"), or its licensors. Access to and use of this information is strictly
# // limited as set forth in the Customer's applicable agreements with SISW.
# //
# // This material may not be copied, distributed, or otherwise disclosed outside
# // of the Customer's facilities without the express written permission of SISW,
# // and may not be used in any way not expressly authorized by SISW.
# //
# Loading sv_std.std
# Loading work.axi_if(fast)
# Loading work.uvm_pkg(fast)
# Loading work.uvm_pkg_sv_unit(fast)
# Loading work.questa_uvm_pkg(fast)
# Loading work.axi_tb_top(fast)
# Loading work.axi_if(fast__2)
# Loading work.axi4_lite_slave(fast)
# ** Note: (vsim-7082) For C/C++ auto compile, choosing compiler /usr/bin/g++ set from the PATH environment variable.
# Compiling /tmp/root@07ee77375c51_dpi_35/linux_x86_64_gcc-11/exportwrapper.c
# Loading /tmp/root@07ee77375c51_dpi_35/linux_x86_64_gcc-11/vsim_auto_compile.so
# 
# coverage save -onexit cov_$Sv_Seed.ucdb
# do run.do
# UVM_INFO /usr/share/questa/questasim/verilog_src/uvm-1.2/src/base/uvm_root.svh(392) @ 0: reporter [UVM/RELNOTES] 
# ----------------------------------------------------------------
# UVM-1.2
# (C) 2007-2014 Mentor Graphics Corporation
# (C) 2007-2014 Cadence Design Systems, Inc.
# (C) 2006-2014 Synopsys, Inc.
# (C) 2011-2013 Cypress Semiconductor Corp.
# (C) 2013-2014 NVIDIA Corporation
# ----------------------------------------------------------------
# 
#   ***********       IMPORTANT RELEASE NOTES         ************
# 
#   You are using a version of the UVM library that has been compiled
#   with `UVM_NO_DEPRECATED undefined.
#   See http://www.eda.org/svdb/view.php?id=3313 for more details.
# 
#   You are using a version of the UVM library that has been compiled
#   with `UVM_OBJECT_DO_NOT_NEED_CONSTRUCTOR undefined.
#   See http://www.eda.org/svdb/view.php?id=3770 for more details.
# 
#       (Specify +UVM_NO_RELNOTES to turn off this notice)
# 
# UVM_INFO @ 0: reporter [RNTST] Running test axi_base_test...
# UVM_INFO axi_base_test.sv(22) @ 0: uvm_test_top [axi_base_test] Starting axi_write_sequence and axi_read_sequence
# UVM_INFO axi_write_sequence.sv(23) @ 0: uvm_test_top.env.agent.wsqr@@wr_seq [SEQ] WRITE: addr=0x00000008 wdata=0x1fb7720e wstrb=0x4
# UVM_INFO axi_scoreboard.sv(99) @ 5000: uvm_test_top.env.scoreboard [SCB_RST] Scoreboard model cleared on reset
# UVM_INFO axi_scoreboard.sv(61) @ 75000: uvm_test_top.env.scoreboard [SCB_WR] Write addr 0x00000008: data=0x00b70000 (wstrb=0x4)
# UVM_INFO axi_read_sequence.sv(26) @ 75000: uvm_test_top.env.agent.rsqr@@rd_seq [SEQ] READ:  addr=0x00000008
# UVM_INFO axi_scoreboard.sv(72) @ 135000: uvm_test_top.env.scoreboard [SCB_RD] Read addr 0x00000008: got=0x00b70000  exp=0x00b70000
# UVM_INFO axi_scoreboard.sv(87) @ 135000: uvm_test_top.env.scoreboard [MATCH] Addr 0x00000008: 0x00b70000 OK
# UVM_INFO /usr/share/questa/questasim/verilog_src/uvm-1.2/src/base/uvm_objection.svh(1270) @ 1145000: reporter [TEST_DONE] 'run' phase is ready to proceed to the 'extract' phase
# UVM_INFO /usr/share/questa/questasim/verilog_src/uvm-1.2/src/base/uvm_report_server.svh(847) @ 1145000: reporter [UVM/REPORT/SERVER] 
# --- UVM Report Summary ---
# 
# ** Report counts by severity
# UVM_INFO :   10
# UVM_WARNING :    0
# UVM_ERROR :    0
# UVM_FATAL :    0
# ** Report counts by id
# [MATCH]     1
# [RNTST]     1
# [SCB_RD]     1
# [SCB_RST]     1
# [SCB_WR]     1
# [SEQ]     2
# [TEST_DONE]     1
# [UVM/RELNOTES]     1
# [axi_base_test]     1
# 
# ** Note: $finish    : /usr/share/questa/questasim/verilog_src/uvm-1.2/src/base/uvm_root.svh(517)
#    Time: 1145 ns  Iteration: 68  Instance: /axi_tb_top
# Break in Task uvm_root::run_test at /usr/share/questa/questasim/verilog_src/uvm-1.2/src/base/uvm_root.svh line 517
# Stopped at /usr/share/questa/questasim/verilog_src/uvm-1.2/src/base/uvm_root.svh line 517
# Coverage Report by instance with details
# 
# =================================================================================
# === Instance: /uvm_pkg_sv_unit
# === Design Unit: work.uvm_pkg_sv_unit
# =================================================================================
# 
# Covergroup Coverage:
#     Covergroups                      1        na        na    47.22%
#         Coverpoints/Crosses          6        na        na        na
#             Covergroup Bins         23         9        14    39.13%
# ----------------------------------------------------------------------------------------------------------
# Covergroup                                             Metric       Goal       Bins    Status               
#                                                                                                          
# ----------------------------------------------------------------------------------------------------------
#  TYPE /uvm_pkg_sv_unit/axi_coverage/cg_transaction     47.22%        100          -    Uncovered            
#     covered/total bins:                                     9         23          -                      
#     missing/total bins:                                    14         23          -                      
#     % Hit:                                             39.13%        100          -                      
#     Coverpoint cp_is_write                            100.00%        100          -    Covered              
#         covered/total bins:                                 2          2          -                      
#         missing/total bins:                                 0          2          -                      
#         % Hit:                                        100.00%        100          -                      
#         bin read                                            1          1          -    Covered              
#         bin write                                           1          1          -    Covered              
#     Coverpoint cp_addr                                 25.00%        100          -    Uncovered            
#         covered/total bins:                                 1          4          -                      
#         missing/total bins:                                 3          4          -                      
#         % Hit:                                         25.00%        100          -                      
#         bin reg0                                            0          1          -    ZERO                 
#         bin reg1                                            0          1          -    ZERO                 
#         bin reg2                                            2          1          -    Covered              
#         bin reg3                                            0          1          -    ZERO                 
#     Coverpoint cp_resp                                 50.00%        100          -    Uncovered            
#         covered/total bins:                                 1          2          -                      
#         missing/total bins:                                 1          2          -                      
#         % Hit:                                         50.00%        100          -                      
#         bin OKAY                                            2          1          -    Covered              
#         bin SLVERR                                          0          1          -    ZERO                 
#     Coverpoint cp_aw_w_order                           33.33%        100          -    Uncovered            
#         covered/total bins:                                 1          3          -                      
#         missing/total bins:                                 2          3          -                      
#         % Hit:                                         33.33%        100          -                      
#         bin aw_first                                        0          1          -    ZERO                 
#         bin w_first                                         0          1          -    ZERO                 
#         bin same                                            2          1          -    Covered              
#     Cross #cross__0#                                   25.00%        100          -    Uncovered            
#         covered/total bins:                                 2          8          -                      
#         missing/total bins:                                 6          8          -                      
#         % Hit:                                         25.00%        100          -                      
#         Auto, Default and User Defined Bins:
#             bin <write,reg2>                                1          1          -    Covered              
#             bin <read,reg2>                                 1          1          -    Covered              
#             bin <*,reg3>                                    0          1          2    ZERO                 
#             bin <*,reg1>                                    0          1          2    ZERO                 
#             bin <*,reg0>                                    0          1          2    ZERO                 
#     Cross #cross__1#                                   50.00%        100          -    Uncovered            
#         covered/total bins:                                 2          4          -                      
#         missing/total bins:                                 2          4          -                      
#         % Hit:                                         50.00%        100          -                      
#         Auto, Default and User Defined Bins:
#             bin <same,write>                                1          1          -    Covered              
#             bin <same,read>                                 1          1          -    Covered              
#             bin <w_first,*>                                 0          1          1    ZERO                 
#             bin <aw_first,*>                                0          1          1    ZERO                 
#         Illegal and Ignore Bins:
#             ignore_bin invalid_w                            0                     -    ZERO                 
#             ignore_bin invalid_aw                           0                     -    ZERO                 
# 
# COVERGROUP COVERAGE:
# ----------------------------------------------------------------------------------------------------------
# Covergroup                                             Metric       Goal       Bins    Status               
#                                                                                                          
# ----------------------------------------------------------------------------------------------------------
#  TYPE /uvm_pkg_sv_unit/axi_coverage/cg_transaction     47.22%        100          -    Uncovered            
#     covered/total bins:                                     9         23          -                      
#     missing/total bins:                                    14         23          -                      
#     % Hit:                                             39.13%        100          -                      
#     Coverpoint cp_is_write                            100.00%        100          -    Covered              
#         covered/total bins:                                 2          2          -                      
#         missing/total bins:                                 0          2          -                      
#         % Hit:                                        100.00%        100          -                      
#         bin read                                            1          1          -    Covered              
#         bin write                                           1          1          -    Covered              
#     Coverpoint cp_addr                                 25.00%        100          -    Uncovered            
#         covered/total bins:                                 1          4          -                      
#         missing/total bins:                                 3          4          -                      
#         % Hit:                                         25.00%        100          -                      
#         bin reg0                                            0          1          -    ZERO                 
#         bin reg1                                            0          1          -    ZERO                 
#         bin reg2                                            2          1          -    Covered              
#         bin reg3                                            0          1          -    ZERO                 
#     Coverpoint cp_resp                                 50.00%        100          -    Uncovered            
#         covered/total bins:                                 1          2          -                      
#         missing/total bins:                                 1          2          -                      
#         % Hit:                                         50.00%        100          -                      
#         bin OKAY                                            2          1          -    Covered              
#         bin SLVERR                                          0          1          -    ZERO                 
#     Coverpoint cp_aw_w_order                           33.33%        100          -    Uncovered            
#         covered/total bins:                                 1          3          -                      
#         missing/total bins:                                 2          3          -                      
#         % Hit:                                         33.33%        100          -                      
#         bin aw_first                                        0          1          -    ZERO                 
#         bin w_first                                         0          1          -    ZERO                 
#         bin same                                            2          1          -    Covered              
#     Cross #cross__0#                                   25.00%        100          -    Uncovered            
#         covered/total bins:                                 2          8          -                      
#         missing/total bins:                                 6          8          -                      
#         % Hit:                                         25.00%        100          -                      
#         Auto, Default and User Defined Bins:
#             bin <write,reg2>                                1          1          -    Covered              
#             bin <read,reg2>                                 1          1          -    Covered              
#             bin <*,reg3>                                    0          1          2    ZERO                 
#             bin <*,reg1>                                    0          1          2    ZERO                 
#             bin <*,reg0>                                    0          1          2    ZERO                 
#     Cross #cross__1#                                   50.00%        100          -    Uncovered            
#         covered/total bins:                                 2          4          -                      
#         missing/total bins:                                 2          4          -                      
#         % Hit:                                         50.00%        100          -                      
#         Auto, Default and User Defined Bins:
#             bin <same,write>                                1          1          -    Covered              
#             bin <same,read>                                 1          1          -    Covered              
#             bin <w_first,*>                                 0          1          1    ZERO                 
#             bin <aw_first,*>                                0          1          1    ZERO                 
#         Illegal and Ignore Bins:
#             ignore_bin invalid_w                            0                     -    ZERO                 
#             ignore_bin invalid_aw                           0                     -    ZERO                 
# 
# TOTAL COVERGROUP COVERAGE: 47.22%  COVERGROUP TYPES: 1
# 
# Total Coverage By Instance (filtered view): 47.22%
# 
# 
# Saving coverage database on exit...
# End time: 01:36:26 on Mar 19,2026, Elapsed time: 0:00:03
# Errors: 0, Warnings: 0
End time: 01:36:26 on Mar 19,2026, Elapsed time: 0:00:11
*** Summary *********************************************
    qrun: Errors:   0, Warnings:   0
    vlog: Errors:   0, Warnings:   0
    vopt: Errors:   0, Warnings:   2
    vsim: Errors:   0, Warnings:   0
  Totals: Errors:   0, Warnings:   2
Done
